-------------------------------------------------------------------------------
Test set: todo3.repository.TodolistRepositoryImplTest
-------------------------------------------------------------------------------
Tests run: 3, Failures: 0, Errors: 3, Skipped: 0, Time elapsed: 0.469 s <<< FAILURE! - in todo3.repository.TodolistRepositoryImplTest
addTodo  Time elapsed: 0.453 s  <<< ERROR!
java.lang.RuntimeException: java.sql.SQLException: Field 'id' doesn't have a default value
	at todo3.repository.TodolistRepositoryImplTest.addTodo(TodolistRepositoryImplTest.java:29)
Caused by: java.sql.SQLException: Field 'id' doesn't have a default value
	at todo3.repository.TodolistRepositoryImplTest.addTodo(TodolistRepositoryImplTest.java:29)

testGetAll  Time elapsed: 0.004 s  <<< ERROR!
java.lang.RuntimeException: java.sql.SQLException: HikariDataSource HikariDataSource (HikariPool-1) has been closed.
	at todo3.repository.TodolistRepositoryImplTest.testGetAll(TodolistRepositoryImplTest.java:42)
Caused by: java.sql.SQLException: HikariDataSource HikariDataSource (HikariPool-1) has been closed.
	at todo3.repository.TodolistRepositoryImplTest.testGetAll(TodolistRepositoryImplTest.java:42)

testRemove  Time elapsed: 0.001 s  <<< ERROR!
java.lang.RuntimeException: java.sql.SQLException: HikariDataSource HikariDataSource (HikariPool-1) has been closed.
	at todo3.repository.TodolistRepositoryImplTest.testRemove(TodolistRepositoryImplTest.java:34)
Caused by: java.sql.SQLException: HikariDataSource HikariDataSource (HikariPool-1) has been closed.
	at todo3.repository.TodolistRepositoryImplTest.testRemove(TodolistRepositoryImplTest.java:34)

